--------------------------------------
Running PBS prologue script
--------------------------------------
User and Job Data:
--------------------------------------
Job ID:    490809.qb3
Username:  jpacheco
Group:     loniusers
Date:      10-May-2018 16:54
Node:      qb131 (28450)
--------------------------------------
PBS has allocated the following nodes:

qb131

A total of 20 processors on 1 nodes allocated
---------------------------------------------
Check nodes and clean them of stray processes
---------------------------------------------
Checking node qb131 16:54:39 
Done clearing all the allocated nodes
------------------------------------------------------
Concluding PBS prologue script - 10-May-2018 16:54:39
------------------------------------------------------
WARNING	An augustus species is mentioned in the config file, dataset default species (human) will be ignored
INFO	****************** Start a BUSCO 3.0.2 analysis, current time: 05/10/2018 16:54:40 ******************
INFO	Configuration loaded from /work/jpacheco/busco/scripts/../config/config.ini
INFO	Init tools...
INFO	Check dependencies...
INFO	Check input file...
INFO	To reproduce this run: python /work/jpacheco/busco/scripts/run_BUSCO.py -i /work/jpacheco/pacheco_finalpractical/data/Hybrid_assembly.fasta -o busco_analysis_raw -l /work/jpacheco/pacheco_finalpractical/actinopterygii_odb9/ -m genome -c 20 -sp zebrafish
INFO	Mode is: genome
INFO	The lineage dataset is: actinopterygii_odb9 (eukaryota)
INFO	Temp directory is ./tmp/
INFO	****** Phase 1 of 2, initial predictions ******
INFO	****** Step 1/3, current time: 05/10/2018 16:54:45 ******
INFO	Create blast database...
INFO	[makeblastdb]	Building a new DB, current time: 05/10/2018 16:54:53
INFO	[makeblastdb]	New DB name:   /home/jpacheco/tmp/busco_analysis_raw_3741781405
INFO	[makeblastdb]	New DB title:  /work/jpacheco/pacheco_finalpractical/data/Hybrid_assembly.fasta
INFO	[makeblastdb]	Sequence type: Nucleotide
INFO	[makeblastdb]	Keep Linkouts: T
INFO	[makeblastdb]	Keep MBits: T
INFO	[makeblastdb]	Maximum file size: 1000000000B
INFO	[makeblastdb]	Adding sequences from FASTA; added 6404 sequences in 16.8675 seconds.
INFO	[makeblastdb]	1 of 1 task(s) completed at 05/10/2018 16:55:12
INFO	Running tblastn, writing output to /home/jpacheco/run_busco_analysis_raw/blast_output/tblastn_busco_analysis_raw.tsv...
INFO	[tblastn]	1 of 1 task(s) completed at 05/10/2018 17:20:26
INFO	****** Step 2/3, current time: 05/10/2018 17:20:26 ******
INFO	Maximum number of candidate contig per BUSCO limited to: 3
INFO	Getting coordinates for candidate regions...
INFO	Pre-Augustus scaffold extraction...
INFO	Running Augustus prediction using zebrafish as species:
INFO	[augustus]	Please find all logs related to Augustus errors here: /home/jpacheco/run_busco_analysis_raw/augustus_output/augustus.log
INFO	[augustus]	690 of 6892 task(s) completed at 05/10/2018 17:37:07
INFO	[augustus]	1379 of 6892 task(s) completed at 05/10/2018 17:55:54
INFO	[augustus]	2068 of 6892 task(s) completed at 05/10/2018 18:12:09
INFO	[augustus]	2757 of 6892 task(s) completed at 05/10/2018 18:28:44
INFO	[augustus]	3447 of 6892 task(s) completed at 05/10/2018 18:42:29
INFO	[augustus]	4136 of 6892 task(s) completed at 05/10/2018 18:55:20
INFO	[augustus]	4825 of 6892 task(s) completed at 05/10/2018 19:09:52
INFO	[augustus]	5514 of 6892 task(s) completed at 05/10/2018 19:23:23
INFO	[augustus]	6203 of 6892 task(s) completed at 05/10/2018 19:36:16
INFO	[augustus]	6892 of 6892 task(s) completed at 05/10/2018 19:53:51
INFO	Extracting predicted proteins...
INFO	****** Step 3/3, current time: 05/10/2018 19:54:51 ******
INFO	Running HMMER to confirm orthology of predicted proteins:
INFO	[hmmsearch]	690 of 6891 task(s) completed at 05/10/2018 19:54:58
INFO	[hmmsearch]	2068 of 6891 task(s) completed at 05/10/2018 19:55:03
INFO	[hmmsearch]	2757 of 6891 task(s) completed at 05/10/2018 19:55:06
INFO	[hmmsearch]	3446 of 6891 task(s) completed at 05/10/2018 19:55:08
INFO	[hmmsearch]	4135 of 6891 task(s) completed at 05/10/2018 19:55:10
INFO	[hmmsearch]	4824 of 6891 task(s) completed at 05/10/2018 19:55:12
INFO	[hmmsearch]	5513 of 6891 task(s) completed at 05/10/2018 19:55:14
INFO	[hmmsearch]	6891 of 6891 task(s) completed at 05/10/2018 19:55:17
INFO	Results:
INFO	C:95.0%[S:91.9%,D:3.1%],F:2.8%,M:2.2%,n:4584
INFO	4357 Complete BUSCOs (C)
INFO	4213 Complete and single-copy BUSCOs (S)
INFO	144 Complete and duplicated BUSCOs (D)
INFO	127 Fragmented BUSCOs (F)
INFO	100 Missing BUSCOs (M)
INFO	4584 Total BUSCO groups searched
INFO	****** Phase 2 of 2, predictions using species specific training ******
INFO	****** Step 1/3, current time: 05/10/2018 19:55:19 ******
INFO	Extracting missing and fragmented buscos from the ancestral_variants file...
INFO	Running tblastn, writing output to /home/jpacheco/run_busco_analysis_raw/blast_output/tblastn_busco_analysis_raw_missing_and_frag_rerun.tsv...
INFO	[tblastn]	1 of 1 task(s) completed at 05/10/2018 20:09:16
INFO	Maximum number of candidate contig per BUSCO limited to: 3
INFO	Getting coordinates for candidate regions...
INFO	****** Step 2/3, current time: 05/10/2018 20:09:19 ******
INFO	Training Augustus using Single-Copy Complete BUSCOs:
INFO	Converting predicted genes to short genbank files at 05/10/2018 20:09:19...
INFO	All files converted to short genbank files, now running the training scripts at 05/10/2018 20:21:31...
INFO	Pre-Augustus scaffold extraction...
INFO	Re-running Augustus with the new metaparameters, number of target BUSCOs: 227
INFO	[augustus]	43 of 430 task(s) completed at 05/10/2018 20:22:38
INFO	[augustus]	86 of 430 task(s) completed at 05/10/2018 20:23:07
INFO	[augustus]	129 of 430 task(s) completed at 05/10/2018 20:23:38
INFO	[augustus]	172 of 430 task(s) completed at 05/10/2018 20:24:15
INFO	[augustus]	215 of 430 task(s) completed at 05/10/2018 20:25:00
INFO	[augustus]	258 of 430 task(s) completed at 05/10/2018 20:25:31
INFO	[augustus]	301 of 430 task(s) completed at 05/10/2018 20:25:58
INFO	[augustus]	344 of 430 task(s) completed at 05/10/2018 20:26:31
INFO	[augustus]	387 of 430 task(s) completed at 05/10/2018 20:27:06
INFO	[augustus]	430 of 430 task(s) completed at 05/10/2018 20:29:14
INFO	Extracting predicted proteins...
INFO	****** Step 3/3, current time: 05/10/2018 20:29:18 ******
INFO	Running HMMER to confirm orthology of predicted proteins:
INFO	[hmmsearch]	43 of 430 task(s) completed at 05/10/2018 20:29:18
INFO	[hmmsearch]	86 of 430 task(s) completed at 05/10/2018 20:29:18
INFO	[hmmsearch]	301 of 430 task(s) completed at 05/10/2018 20:29:19
INFO	[hmmsearch]	344 of 430 task(s) completed at 05/10/2018 20:29:19
INFO	[hmmsearch]	387 of 430 task(s) completed at 05/10/2018 20:29:19
INFO	[hmmsearch]	430 of 430 task(s) completed at 05/10/2018 20:29:19
INFO	Results:
INFO	C:96.3%[S:93.1%,D:3.2%],F:1.4%,M:2.3%,n:4584
INFO	4417 Complete BUSCOs (C)
INFO	4269 Complete and single-copy BUSCOs (S)
INFO	148 Complete and duplicated BUSCOs (D)
INFO	63 Fragmented BUSCOs (F)
INFO	104 Missing BUSCOs (M)
INFO	4584 Total BUSCO groups searched
INFO	BUSCO analysis done with WARNING(s). Total running time: 12888.140455 seconds
INFO	Results written in /home/jpacheco/run_busco_analysis_raw/

------------------------------------------------------
Running PBS epilogue script    - 10-May-2018 20:29:28
------------------------------------------------------
Checking node qb131 (MS)
Checking node qb131 ok
------------------------------------------------------
Concluding PBS epilogue script - 10-May-2018 20:29:30
------------------------------------------------------
Exit Status:     0
Job ID:          490809.qb3
Username:        jpacheco
Group:           loniusers
Job Name:        busco_raw
Session Id:      28449
Resource Limits: ncpus=1,neednodes=1:ppn=20,nodes=1:ppn=20,walltime=12:00:00
Resources Used:  cput=65:33:08,mem=27300908kb,vmem=29381512kb,walltime=03:34:50
Queue Used:      workq
Account String:  loni_selu_gt
Node:            qb131
Process id:      106397
Last status:     10-May-2018:20:01 PBS_job=490809.qb3 user=jpacheco allocation=loni_selu_gt queue=workq total_load=20.14 cpu_hours=0.63 wall_hours=2.21 unused_nodes=0 total_nodes=1 ppn=20 avg_load=20.14 avg_cpu=1910% avg_mem=12063mb avg_vmem=14176mb top_proc=jpacheco:augustus:qb131:2.3G:2.2G:0.0hr:100% toppm=jpacheco:augustus:qb131:2466M:2449M node_processes=23 avg_avail_mem=61815mb min_avail_mem=61815mb reverified_avg_load=12.74
------------------------------------------------------
