--------------------------------------
Running PBS prologue script
--------------------------------------
User and Job Data:
--------------------------------------
Job ID:    490429.qb3
Username:  jpacheco
Group:     loniusers
Date:      10-May-2018 05:49
Node:      qb022 (18100)
--------------------------------------
PBS has allocated the following nodes:

qb022

A total of 20 processors on 1 nodes allocated
---------------------------------------------
Check nodes and clean them of stray processes
---------------------------------------------
Checking node qb022 05:49:17 
Done clearing all the allocated nodes
------------------------------------------------------
Concluding PBS prologue script - 10-May-2018 05:49:17
------------------------------------------------------
[M::mm_idx_gen::16.772*1.64] collected minimizers
[M::mm_idx_gen::18.320*2.54] sorted minimizers
[M::main::18.321*2.54] loaded/built the index for 6404 target sequence(s)
[M::mm_mapopt_update::18.321*2.54] mid_occ = 1000
[M::mm_idx_stat] kmer size: 21; skip: 11; is_hpc: 0; #seq: 6404
[M::mm_idx_stat::19.769*2.43] distinct minimizers: 118718335 (94.74% are singletons); average occurrences: 1.247; average spacing: 5.949
[M::worker_pipeline::29.004*5.15] mapped 166155 sequences
[M::worker_pipeline::32.686*6.79] mapped 166161 sequences
[M::worker_pipeline::36.224*8.04] mapped 166164 sequences
[M::worker_pipeline::40.385*9.20] mapped 166161 sequences
[M::worker_pipeline::44.388*10.06] mapped 166162 sequences
[M::worker_pipeline::48.423*10.83] mapped 166153 sequences
[M::worker_pipeline::52.089*11.47] mapped 166159 sequences
[M::worker_pipeline::56.189*12.08] mapped 166154 sequences
[M::worker_pipeline::59.924*12.52] mapped 166147 sequences
[M::worker_pipeline::63.320*12.89] mapped 166139 sequences
[M::worker_pipeline::67.185*13.25] mapped 166130 sequences
[M::worker_pipeline::70.917*13.56] mapped 166129 sequences
[M::worker_pipeline::74.474*13.84] mapped 166126 sequences
[M::worker_pipeline::78.151*14.12] mapped 179050 sequences
[M::worker_pipeline::81.354*14.32] mapped 332961 sequences
[M::worker_pipeline::84.125*14.51] mapped 332943 sequences
[M::worker_pipeline::87.629*14.72] mapped 332964 sequences
[M::worker_pipeline::90.589*14.88] mapped 332982 sequences
[M::worker_pipeline::93.294*15.02] mapped 333007 sequences
[M::worker_pipeline::96.506*15.18] mapped 332967 sequences
[M::worker_pipeline::99.643*15.30] mapped 332966 sequences
[M::worker_pipeline::102.289*15.39] mapped 332968 sequences
[M::worker_pipeline::105.861*15.53] mapped 332909 sequences
[M::worker_pipeline::108.579*15.64] mapped 332934 sequences
[M::worker_pipeline::111.861*15.74] mapped 332931 sequences
[M::worker_pipeline::114.466*15.83] mapped 332925 sequences
[M::worker_pipeline::117.177*15.90] mapped 332943 sequences
[M::worker_pipeline::120.497*16.00] mapped 332931 sequences
[M::worker_pipeline::123.867*16.10] mapped 332940 sequences
[M::worker_pipeline::125.852*16.16] mapped 334668 sequences
[M::worker_pipeline::127.240*16.19] mapped 346427 sequences
[M::worker_pipeline::128.772*16.21] mapped 346371 sequences
[M::worker_pipeline::129.608*16.19] mapped 346444 sequences
[M::worker_pipeline::130.702*16.22] mapped 346371 sequences
[M::worker_pipeline::131.811*16.21] mapped 346353 sequences
[M::worker_pipeline::132.742*16.21] mapped 346381 sequences
[M::worker_pipeline::133.951*16.24] mapped 346266 sequences
[M::worker_pipeline::135.193*16.23] mapped 346025 sequences
[M::worker_pipeline::136.231*16.21] mapped 345885 sequences
[M::worker_pipeline::137.176*16.21] mapped 345850 sequences
[M::worker_pipeline::138.359*16.23] mapped 345897 sequences
[M::worker_pipeline::139.286*16.22] mapped 345781 sequences
[M::worker_pipeline::140.621*16.24] mapped 345741 sequences
[M::worker_pipeline::141.876*16.24] mapped 345502 sequences
[M::worker_pipeline::142.780*16.26] mapped 345321 sequences
[M::worker_pipeline::145.364*16.30] mapped 112022 sequences
[M::worker_pipeline::149.100*16.39] mapped 81450 sequences
[M::worker_pipeline::152.763*16.46] mapped 81453 sequences
[M::worker_pipeline::156.813*16.55] mapped 81453 sequences
[M::worker_pipeline::160.233*16.60] mapped 81407 sequences
[M::worker_pipeline::164.307*16.67] mapped 81471 sequences
[M::worker_pipeline::168.294*16.70] mapped 81484 sequences
[M::worker_pipeline::173.104*16.70] mapped 81494 sequences
[M::worker_pipeline::177.063*16.73] mapped 81476 sequences
[M::worker_pipeline::181.206*16.77] mapped 81451 sequences
[M::worker_pipeline::185.130*16.83] mapped 81472 sequences
[M::worker_pipeline::188.788*16.87] mapped 81483 sequences
[M::worker_pipeline::192.689*16.91] mapped 81482 sequences
[M::worker_pipeline::196.323*16.97] mapped 81482 sequences
[M::worker_pipeline::200.340*17.01] mapped 81456 sequences
[M::worker_pipeline::204.207*17.04] mapped 81476 sequences
[M::worker_pipeline::208.032*17.08] mapped 81505 sequences
[M::worker_pipeline::211.973*17.12] mapped 81498 sequences
[M::worker_pipeline::215.708*17.17] mapped 81477 sequences
[M::worker_pipeline::219.624*17.22] mapped 81470 sequences
[M::worker_pipeline::223.462*17.26] mapped 81481 sequences
[M::worker_pipeline::227.566*17.30] mapped 81480 sequences
[M::worker_pipeline::231.125*17.34] mapped 81464 sequences
[M::worker_pipeline::234.498*17.36] mapped 81466 sequences
[M::worker_pipeline::238.187*17.40] mapped 81454 sequences
[M::worker_pipeline::242.375*17.42] mapped 81499 sequences
[M::worker_pipeline::246.530*17.46] mapped 81483 sequences
[M::worker_pipeline::249.813*17.49] mapped 81487 sequences
[M::worker_pipeline::253.547*17.51] mapped 81445 sequences
[M::worker_pipeline::257.566*17.54] mapped 81482 sequences
[M::worker_pipeline::261.526*17.58] mapped 81482 sequences
[M::worker_pipeline::265.282*17.61] mapped 81492 sequences
[M::worker_pipeline::268.980*17.63] mapped 81483 sequences
[M::worker_pipeline::272.314*17.66] mapped 81464 sequences
[M::worker_pipeline::276.618*17.68] mapped 81478 sequences
[M::worker_pipeline::280.476*17.69] mapped 81516 sequences
[M::worker_pipeline::284.279*17.71] mapped 81491 sequences
[M::worker_pipeline::287.898*17.74] mapped 81468 sequences
[M::worker_pipeline::291.616*17.76] mapped 81462 sequences
[M::worker_pipeline::295.547*17.78] mapped 81502 sequences
[M::worker_pipeline::299.486*17.80] mapped 81491 sequences
[M::worker_pipeline::303.798*17.81] mapped 81469 sequences
[M::worker_pipeline::307.441*17.84] mapped 81447 sequences
[M::worker_pipeline::310.844*17.86] mapped 81493 sequences
[M::worker_pipeline::314.894*17.89] mapped 81488 sequences
[M::worker_pipeline::318.270*17.91] mapped 81497 sequences
[M::worker_pipeline::322.171*17.92] mapped 81489 sequences
[M::worker_pipeline::326.078*17.94] mapped 81462 sequences
[M::worker_pipeline::330.187*17.95] mapped 81488 sequences
[M::worker_pipeline::333.732*17.96] mapped 81500 sequences
[M::worker_pipeline::337.482*17.98] mapped 81502 sequences
[M::worker_pipeline::341.173*18.00] mapped 81490 sequences
[M::worker_pipeline::344.889*18.01] mapped 81481 sequences
[M::worker_pipeline::348.671*18.03] mapped 81509 sequences
[M::worker_pipeline::352.515*18.04] mapped 81494 sequences
[M::worker_pipeline::356.810*18.04] mapped 81499 sequences
[M::worker_pipeline::360.821*18.05] mapped 81472 sequences
[M::worker_pipeline::364.470*18.07] mapped 81500 sequences
[M::worker_pipeline::368.399*18.08] mapped 81476 sequences
[M::worker_pipeline::372.435*18.09] mapped 81516 sequences
[M::worker_pipeline::376.428*18.11] mapped 81508 sequences
[M::worker_pipeline::379.957*18.12] mapped 81468 sequences
[M::worker_pipeline::383.938*18.13] mapped 81496 sequences
[M::worker_pipeline::387.671*18.15] mapped 81512 sequences
[M::worker_pipeline::391.879*18.15] mapped 81517 sequences
[M::worker_pipeline::395.763*18.17] mapped 81474 sequences
[M::worker_pipeline::399.211*18.18] mapped 81476 sequences
[M::worker_pipeline::403.180*18.19] mapped 81509 sequences
[M::worker_pipeline::407.210*18.19] mapped 81520 sequences
[M::worker_pipeline::411.189*18.19] mapped 81507 sequences
[M::worker_pipeline::415.370*18.21] mapped 81475 sequences
[M::worker_pipeline::418.632*18.22] mapped 81475 sequences
[M::worker_pipeline::422.505*18.23] mapped 81518 sequences
[M::worker_pipeline::426.466*18.23] mapped 81524 sequences
[M::worker_pipeline::430.199*18.25] mapped 81517 sequences
[M::worker_pipeline::433.812*18.26] mapped 81473 sequences
[M::worker_pipeline::437.470*18.28] mapped 81500 sequences
[M::worker_pipeline::441.509*18.28] mapped 81517 sequences
[M::worker_pipeline::445.381*18.29] mapped 81495 sequences
[M::worker_pipeline::449.592*18.30] mapped 81512 sequences
[M::worker_pipeline::452.867*18.31] mapped 81479 sequences
[M::worker_pipeline::457.018*18.32] mapped 81510 sequences
[M::worker_pipeline::460.552*18.33] mapped 81518 sequences
[M::worker_pipeline::464.751*18.34] mapped 81533 sequences
[M::worker_pipeline::468.445*18.34] mapped 81482 sequences
[M::worker_pipeline::472.154*18.35] mapped 81474 sequences
[M::worker_pipeline::476.511*18.34] mapped 81529 sequences
[M::worker_pipeline::480.538*18.36] mapped 81512 sequences
[M::worker_pipeline::484.259*18.37] mapped 81513 sequences
[M::worker_pipeline::487.894*18.36] mapped 81496 sequences
[M::worker_pipeline::491.843*18.37] mapped 81399 sequences
[M::worker_pipeline::495.402*18.38] mapped 81401 sequences
[M::worker_pipeline::499.681*18.38] mapped 81404 sequences
[M::worker_pipeline::503.709*18.38] mapped 81392 sequences
[M::worker_pipeline::507.697*18.40] mapped 81392 sequences
[M::worker_pipeline::511.390*18.40] mapped 81409 sequences
[M::worker_pipeline::515.281*18.41] mapped 81430 sequences
[M::worker_pipeline::519.691*18.40] mapped 81428 sequences
[M::worker_pipeline::523.335*18.41] mapped 81411 sequences
[M::worker_pipeline::527.256*18.42] mapped 81412 sequences
[M::worker_pipeline::531.000*18.43] mapped 81428 sequences
[M::worker_pipeline::535.011*18.43] mapped 81421 sequences
[M::worker_pipeline::538.740*18.44] mapped 81421 sequences
[M::worker_pipeline::542.452*18.44] mapped 81424 sequences
[M::worker_pipeline::546.330*18.44] mapped 81404 sequences
[M::worker_pipeline::550.654*18.45] mapped 81429 sequences
[M::worker_pipeline::554.130*18.45] mapped 81433 sequences
[M::worker_pipeline::558.429*18.46] mapped 81437 sequences
[M::worker_pipeline::561.764*18.47] mapped 81440 sequences
[M::worker_pipeline::565.790*18.47] mapped 81402 sequences
[M::worker_pipeline::569.732*18.48] mapped 81414 sequences
[M::worker_pipeline::573.551*18.48] mapped 81435 sequences
[M::worker_pipeline::577.626*18.49] mapped 81439 sequences
[M::worker_pipeline::581.395*18.50] mapped 81429 sequences
[M::worker_pipeline::585.610*18.50] mapped 81421 sequences
[M::worker_pipeline::588.861*18.51] mapped 81426 sequences
[M::worker_pipeline::592.760*18.51] mapped 81428 sequences
[M::worker_pipeline::596.962*18.51] mapped 81440 sequences
[M::worker_pipeline::600.861*18.52] mapped 81429 sequences
[M::worker_pipeline::604.639*18.52] mapped 81417 sequences
[M::worker_pipeline::608.799*18.52] mapped 81416 sequences
[M::worker_pipeline::612.878*18.52] mapped 81436 sequences
[M::worker_pipeline::616.902*18.53] mapped 81454 sequences
[M::worker_pipeline::620.755*18.53] mapped 81427 sequences
[M::worker_pipeline::624.490*18.54] mapped 81410 sequences
[M::worker_pipeline::628.445*18.54] mapped 81435 sequences
[M::worker_pipeline::632.081*18.55] mapped 81440 sequences
[M::worker_pipeline::636.410*18.54] mapped 81447 sequences
[M::worker_pipeline::640.471*18.55] mapped 81431 sequences
[M::worker_pipeline::644.288*18.55] mapped 81401 sequences
[M::worker_pipeline::648.437*18.55] mapped 81419 sequences
[M::worker_pipeline::652.411*18.55] mapped 81439 sequences
[M::worker_pipeline::656.438*18.56] mapped 81442 sequences
[M::worker_pipeline::660.117*18.57] mapped 81422 sequences
[M::worker_pipeline::663.931*18.57] mapped 81410 sequences
[M::worker_pipeline::668.011*18.57] mapped 81423 sequences
[M::worker_pipeline::671.772*18.58] mapped 81435 sequences
[M::worker_pipeline::675.634*18.59] mapped 81445 sequences
[M::worker_pipeline::679.972*18.59] mapped 81436 sequences
[M::worker_pipeline::683.725*18.59] mapped 81396 sequences
[M::worker_pipeline::687.658*18.59] mapped 81428 sequences
[M::worker_pipeline::691.388*18.60] mapped 81431 sequences
[M::worker_pipeline::695.198*18.61] mapped 81438 sequences
[M::worker_pipeline::699.079*18.61] mapped 81437 sequences
[M::worker_pipeline::703.033*18.61] mapped 81418 sequences
[M::worker_pipeline::706.787*18.62] mapped 81432 sequences
[M::worker_pipeline::710.895*18.62] mapped 81451 sequences
[M::worker_pipeline::714.869*18.62] mapped 81444 sequences
[M::worker_pipeline::718.974*18.62] mapped 81434 sequences
[M::worker_pipeline::722.641*18.62] mapped 81459 sequences
[M::worker_pipeline::726.963*18.62] mapped 81438 sequences
[M::worker_pipeline::730.913*18.63] mapped 81437 sequences
[M::worker_pipeline::735.368*18.63] mapped 81438 sequences
[M::worker_pipeline::739.273*18.63] mapped 81453 sequences
[M::worker_pipeline::743.240*18.64] mapped 81439 sequences
[M::worker_pipeline::746.962*18.64] mapped 81414 sequences
[M::worker_pipeline::750.710*18.64] mapped 81442 sequences
[M::worker_pipeline::754.661*18.64] mapped 81438 sequences
[M::worker_pipeline::758.998*18.64] mapped 81444 sequences
[M::worker_pipeline::762.684*18.65] mapped 81454 sequences
[M::worker_pipeline::766.266*18.65] mapped 81411 sequences
[M::worker_pipeline::770.679*18.65] mapped 81441 sequences
[M::worker_pipeline::774.166*18.66] mapped 81433 sequences
[M::worker_pipeline::778.404*18.66] mapped 81447 sequences
[M::worker_pipeline::782.646*18.66] mapped 81435 sequences
[M::worker_pipeline::786.507*18.66] mapped 81410 sequences
[M::worker_pipeline::790.771*18.67] mapped 81445 sequences
[M::worker_pipeline::795.358*18.67] mapped 81445 sequences
[M::worker_pipeline::798.874*18.67] mapped 81448 sequences
[M::worker_pipeline::802.826*18.68] mapped 81454 sequences
[M::worker_pipeline::806.347*18.68] mapped 81420 sequences
[M::worker_pipeline::810.055*18.69] mapped 81432 sequences
[M::worker_pipeline::814.530*18.69] mapped 81449 sequences
[M::worker_pipeline::818.770*18.69] mapped 81451 sequences
[M::worker_pipeline::822.868*18.69] mapped 81449 sequences
[M::worker_pipeline::826.749*18.70] mapped 81441 sequences
[M::worker_pipeline::830.796*18.70] mapped 81426 sequences
[M::worker_pipeline::834.384*18.70] mapped 81431 sequences
[M::worker_pipeline::838.627*18.70] mapped 81455 sequences
[M::worker_pipeline::842.772*18.70] mapped 81449 sequences
[M::worker_pipeline::846.150*18.71] mapped 81442 sequences
[M::worker_pipeline::850.034*18.71] mapped 81397 sequences
[M::worker_pipeline::853.812*18.72] mapped 81427 sequences
[M::worker_pipeline::857.887*18.72] mapped 81463 sequences
[M::worker_pipeline::861.981*18.72] mapped 81439 sequences
[M::worker_pipeline::865.418*18.73] mapped 81446 sequences
[M::worker_pipeline::869.338*18.73] mapped 82912 sequences
[M::worker_pipeline::873.564*18.74] mapped 99973 sequences
[M::worker_pipeline::877.750*18.74] mapped 99986 sequences
[M::worker_pipeline::881.792*18.74] mapped 99984 sequences
[M::worker_pipeline::886.288*18.75] mapped 99962 sequences
[M::worker_pipeline::889.829*18.75] mapped 99918 sequences
[M::worker_pipeline::893.695*18.76] mapped 99907 sequences
[M::worker_pipeline::897.758*18.76] mapped 99926 sequences
[M::worker_pipeline::902.005*18.76] mapped 114194 sequences
[M::worker_pipeline::905.472*18.76] mapped 247525 sequences
[M::worker_pipeline::908.721*18.76] mapped 247525 sequences
[M::worker_pipeline::912.456*18.77] mapped 247525 sequences
[M::worker_pipeline::915.186*18.77] mapped 247525 sequences
[M::worker_pipeline::919.266*18.77] mapped 247525 sequences
[M::worker_pipeline::922.045*18.77] mapped 247525 sequences
[M::worker_pipeline::925.412*18.77] mapped 247525 sequences
[M::worker_pipeline::928.777*18.78] mapped 247525 sequences
[M::worker_pipeline::931.646*18.78] mapped 247525 sequences
[M::worker_pipeline::935.059*18.78] mapped 247525 sequences
[M::worker_pipeline::938.389*18.78] mapped 247525 sequences
[M::worker_pipeline::941.246*18.79] mapped 247525 sequences
[M::worker_pipeline::945.176*18.79] mapped 247525 sequences
[M::worker_pipeline::948.186*18.79] mapped 247525 sequences
[M::worker_pipeline::951.402*18.79] mapped 247525 sequences
[M::worker_pipeline::954.597*18.79] mapped 247525 sequences
[M::worker_pipeline::958.395*18.80] mapped 247525 sequences
[M::worker_pipeline::961.137*18.80] mapped 247525 sequences
[M::worker_pipeline::964.425*18.80] mapped 247525 sequences
[M::worker_pipeline::967.846*18.80] mapped 247525 sequences
[M::worker_pipeline::971.053*18.80] mapped 247525 sequences
[M::worker_pipeline::973.726*18.80] mapped 247525 sequences
[M::worker_pipeline::977.479*18.80] mapped 247525 sequences
[M::worker_pipeline::980.374*18.81] mapped 247525 sequences
[M::worker_pipeline::984.045*18.81] mapped 247525 sequences
[M::worker_pipeline::987.074*18.81] mapped 247525 sequences
[M::worker_pipeline::990.395*18.81] mapped 247525 sequences
[M::worker_pipeline::993.353*18.81] mapped 247525 sequences
[M::worker_pipeline::996.922*18.82] mapped 247525 sequences
[M::worker_pipeline::1000.571*18.82] mapped 247525 sequences
[M::worker_pipeline::1003.752*18.82] mapped 247525 sequences
[M::worker_pipeline::1006.525*18.82] mapped 247525 sequences
[M::worker_pipeline::1009.530*18.82] mapped 247525 sequences
[M::worker_pipeline::1012.945*18.83] mapped 247525 sequences
[M::worker_pipeline::1016.541*18.83] mapped 247525 sequences
[M::worker_pipeline::1019.005*18.83] mapped 247525 sequences
[M::worker_pipeline::1022.390*18.83] mapped 247525 sequences
[M::worker_pipeline::1025.904*18.83] mapped 247525 sequences
[M::worker_pipeline::1028.640*18.84] mapped 247525 sequences
[M::worker_pipeline::1032.300*18.84] mapped 247525 sequences
[M::worker_pipeline::1035.075*18.84] mapped 247525 sequences
[M::worker_pipeline::1038.269*18.84] mapped 247525 sequences
[M::worker_pipeline::1041.647*18.85] mapped 247525 sequences
[M::worker_pipeline::1044.504*18.85] mapped 247525 sequences
[M::worker_pipeline::1048.118*18.85] mapped 247525 sequences
[M::worker_pipeline::1051.310*18.85] mapped 247525 sequences
[M::worker_pipeline::1054.968*18.85] mapped 247525 sequences
[M::worker_pipeline::1057.796*18.85] mapped 247525 sequences
[M::worker_pipeline::1061.394*18.85] mapped 247525 sequences
[M::worker_pipeline::1064.739*18.85] mapped 247525 sequences
[M::worker_pipeline::1067.388*18.85] mapped 247525 sequences
[M::worker_pipeline::1071.132*18.86] mapped 247525 sequences
[M::worker_pipeline::1074.352*18.86] mapped 247525 sequences
[M::worker_pipeline::1077.571*18.86] mapped 247525 sequences
[M::worker_pipeline::1081.096*18.85] mapped 247525 sequences
[M::worker_pipeline::1084.723*18.86] mapped 247525 sequences
[M::worker_pipeline::1087.646*18.86] mapped 247525 sequences
[M::worker_pipeline::1090.874*18.86] mapped 247525 sequences
[M::worker_pipeline::1094.022*18.86] mapped 247525 sequences
[M::worker_pipeline::1097.471*18.86] mapped 247525 sequences
[M::worker_pipeline::1100.453*18.86] mapped 247525 sequences
[M::worker_pipeline::1103.344*18.87] mapped 247525 sequences
[M::worker_pipeline::1106.511*18.87] mapped 247525 sequences
[M::worker_pipeline::1109.952*18.87] mapped 247525 sequences
[M::worker_pipeline::1112.677*18.87] mapped 247525 sequences
[M::worker_pipeline::1115.744*18.87] mapped 247525 sequences
[M::worker_pipeline::1118.823*18.88] mapped 247525 sequences
[M::worker_pipeline::1121.945*18.88] mapped 247525 sequences
[M::worker_pipeline::1125.467*18.88] mapped 247525 sequences
[M::worker_pipeline::1128.234*18.88] mapped 247525 sequences
[M::worker_pipeline::1131.453*18.88] mapped 247525 sequences
[M::worker_pipeline::1134.798*18.88] mapped 247525 sequences
[M::worker_pipeline::1138.030*18.88] mapped 247525 sequences
[M::worker_pipeline::1141.490*18.88] mapped 247525 sequences
[M::worker_pipeline::1144.661*18.88] mapped 247525 sequences
[M::worker_pipeline::1148.010*18.89] mapped 247525 sequences
[M::worker_pipeline::1151.257*18.89] mapped 247525 sequences
[M::worker_pipeline::1154.642*18.89] mapped 247525 sequences
[M::worker_pipeline::1157.855*18.89] mapped 247525 sequences
[M::worker_pipeline::1161.747*18.89] mapped 247525 sequences
[M::worker_pipeline::1164.458*18.89] mapped 247525 sequences
[M::worker_pipeline::1167.849*18.89] mapped 247525 sequences
[M::worker_pipeline::1170.788*18.90] mapped 247525 sequences
[M::worker_pipeline::1175.127*18.90] mapped 247525 sequences
[M::worker_pipeline::1177.363*18.90] mapped 247525 sequences
[M::worker_pipeline::1180.575*18.90] mapped 247525 sequences
[M::worker_pipeline::1184.429*18.90] mapped 247525 sequences
[M::worker_pipeline::1186.979*18.90] mapped 247525 sequences
[M::worker_pipeline::1189.612*18.90] mapped 247525 sequences
[M::worker_pipeline::1192.779*18.91] mapped 247525 sequences
[M::worker_pipeline::1195.869*18.91] mapped 247525 sequences
[M::worker_pipeline::1198.877*18.91] mapped 247525 sequences
[M::worker_pipeline::1202.068*18.91] mapped 247525 sequences
[M::worker_pipeline::1205.418*18.91] mapped 247525 sequences
[M::worker_pipeline::1208.574*18.91] mapped 247525 sequences
[M::worker_pipeline::1211.629*18.91] mapped 247525 sequences
[M::worker_pipeline::1214.441*18.91] mapped 247525 sequences
[M::worker_pipeline::1217.750*18.92] mapped 247525 sequences
[M::worker_pipeline::1221.662*18.92] mapped 247525 sequences
[M::worker_pipeline::1224.025*18.92] mapped 247525 sequences
[M::worker_pipeline::1227.091*18.92] mapped 247525 sequences
[M::worker_pipeline::1229.975*18.92] mapped 247525 sequences
[M::worker_pipeline::1233.529*18.92] mapped 247525 sequences
[M::worker_pipeline::1236.600*18.92] mapped 247525 sequences
[M::worker_pipeline::1239.644*18.93] mapped 247525 sequences
[M::worker_pipeline::1242.367*18.93] mapped 247525 sequences
[M::worker_pipeline::1245.311*18.93] mapped 247525 sequences
[M::worker_pipeline::1248.373*18.93] mapped 247525 sequences
[M::worker_pipeline::1251.759*18.93] mapped 247525 sequences
[M::worker_pipeline::1254.860*18.94] mapped 247525 sequences
[M::worker_pipeline::1258.193*18.94] mapped 247525 sequences
[M::worker_pipeline::1261.104*18.94] mapped 247525 sequences
[M::worker_pipeline::1264.310*18.94] mapped 247525 sequences
[M::worker_pipeline::1267.445*18.94] mapped 247525 sequences
[M::worker_pipeline::1270.333*18.94] mapped 247525 sequences
[M::worker_pipeline::1273.547*18.94] mapped 247525 sequences
[M::worker_pipeline::1276.528*18.94] mapped 247525 sequences
[M::worker_pipeline::1278.561*18.94] mapped 247525 sequences
[M::worker_pipeline::1281.238*18.94] mapped 247525 sequences
[M::worker_pipeline::1285.069*18.95] mapped 247525 sequences
[M::worker_pipeline::1287.678*18.95] mapped 247525 sequences
[M::worker_pipeline::1290.778*18.95] mapped 247525 sequences
[M::worker_pipeline::1294.409*18.95] mapped 247525 sequences
[M::worker_pipeline::1297.064*18.95] mapped 247525 sequences
[M::worker_pipeline::1299.878*18.96] mapped 247525 sequences
[M::worker_pipeline::1303.200*18.96] mapped 247525 sequences
[M::worker_pipeline::1305.971*18.96] mapped 247525 sequences
[M::worker_pipeline::1309.231*18.96] mapped 247525 sequences
[M::worker_pipeline::1312.275*18.96] mapped 247525 sequences
[M::worker_pipeline::1315.365*18.96] mapped 247525 sequences
[M::worker_pipeline::1318.819*18.96] mapped 247525 sequences
[M::worker_pipeline::1321.569*18.96] mapped 247525 sequences
[M::worker_pipeline::1324.695*18.96] mapped 247525 sequences
[M::worker_pipeline::1327.783*18.97] mapped 247525 sequences
[M::worker_pipeline::1330.997*18.97] mapped 247525 sequences
[M::worker_pipeline::1334.109*18.97] mapped 247525 sequences
[M::worker_pipeline::1337.782*18.97] mapped 247525 sequences
[M::worker_pipeline::1340.659*18.97] mapped 247525 sequences
[M::worker_pipeline::1343.726*18.97] mapped 247525 sequences
[M::worker_pipeline::1347.736*18.98] mapped 247525 sequences
[M::worker_pipeline::1350.757*18.98] mapped 247525 sequences
[M::worker_pipeline::1353.839*18.98] mapped 247525 sequences
[M::worker_pipeline::1357.022*18.98] mapped 247525 sequences
[M::worker_pipeline::1359.934*18.98] mapped 247525 sequences
[M::worker_pipeline::1362.383*18.98] mapped 247525 sequences
[M::worker_pipeline::1365.348*18.99] mapped 247525 sequences
[M::worker_pipeline::1368.045*18.99] mapped 247525 sequences
[M::worker_pipeline::1371.026*18.99] mapped 247525 sequences
[M::worker_pipeline::1373.943*18.99] mapped 247525 sequences
[M::worker_pipeline::1377.070*18.99] mapped 247525 sequences
[M::worker_pipeline::1380.578*18.99] mapped 247525 sequences
[M::worker_pipeline::1384.268*18.99] mapped 247525 sequences
[M::worker_pipeline::1388.135*18.99] mapped 247525 sequences
[M::worker_pipeline::1391.333*18.99] mapped 247525 sequences
[M::worker_pipeline::1395.129*18.99] mapped 247525 sequences
[M::worker_pipeline::1399.207*18.99] mapped 247525 sequences
[M::worker_pipeline::1402.503*18.99] mapped 247525 sequences
[M::worker_pipeline::1405.661*18.99] mapped 247525 sequences
[M::worker_pipeline::1409.354*19.00] mapped 247525 sequences
[M::worker_pipeline::1413.352*19.00] mapped 247525 sequences
[M::worker_pipeline::1416.285*19.00] mapped 247525 sequences
[M::worker_pipeline::1419.873*19.00] mapped 247525 sequences
[M::worker_pipeline::1423.596*19.00] mapped 247525 sequences
[M::worker_pipeline::1426.594*19.00] mapped 247525 sequences
[M::worker_pipeline::1430.366*19.00] mapped 247525 sequences
[M::worker_pipeline::1433.579*19.00] mapped 247525 sequences
[M::worker_pipeline::1437.302*19.00] mapped 247525 sequences
[M::worker_pipeline::1441.200*19.00] mapped 247525 sequences
[M::worker_pipeline::1444.476*19.00] mapped 247525 sequences
[M::worker_pipeline::1447.130*19.00] mapped 247525 sequences
[M::worker_pipeline::1450.664*19.00] mapped 247525 sequences
[M::worker_pipeline::1453.933*19.00] mapped 247525 sequences
[M::worker_pipeline::1457.679*19.00] mapped 247525 sequences
[M::worker_pipeline::1460.808*19.00] mapped 247525 sequences
[M::worker_pipeline::1464.519*19.00] mapped 247525 sequences
[M::worker_pipeline::1467.921*19.00] mapped 247525 sequences
[M::worker_pipeline::1472.219*19.00] mapped 247525 sequences
[M::worker_pipeline::1475.688*19.00] mapped 247525 sequences
[M::worker_pipeline::1478.344*19.00] mapped 247525 sequences
[M::worker_pipeline::1482.056*19.00] mapped 247525 sequences
[M::worker_pipeline::1485.359*19.01] mapped 247525 sequences
[M::worker_pipeline::1489.081*19.01] mapped 247525 sequences
[M::worker_pipeline::1492.560*19.01] mapped 247525 sequences
[M::worker_pipeline::1495.891*19.01] mapped 247525 sequences
[M::worker_pipeline::1499.282*19.01] mapped 247525 sequences
[M::worker_pipeline::1502.680*19.01] mapped 247525 sequences
[M::worker_pipeline::1506.886*19.01] mapped 247525 sequences
[M::worker_pipeline::1509.733*19.01] mapped 247525 sequences
[M::worker_pipeline::1513.118*19.01] mapped 247525 sequences
[M::worker_pipeline::1516.787*19.01] mapped 247525 sequences
[M::worker_pipeline::1519.929*19.01] mapped 247525 sequences
[M::worker_pipeline::1523.110*19.01] mapped 247525 sequences
[M::worker_pipeline::1526.821*19.01] mapped 247525 sequences
[M::worker_pipeline::1530.097*19.01] mapped 247525 sequences
[M::worker_pipeline::1533.772*19.01] mapped 247525 sequences
[M::worker_pipeline::1536.970*19.01] mapped 247525 sequences
[M::worker_pipeline::1540.779*19.01] mapped 247525 sequences
[M::worker_pipeline::1544.689*19.01] mapped 247525 sequences
[M::worker_pipeline::1547.706*19.01] mapped 247525 sequences
[M::worker_pipeline::1551.370*19.01] mapped 247525 sequences
[M::worker_pipeline::1554.860*19.01] mapped 247525 sequences
[M::worker_pipeline::1558.501*19.01] mapped 247525 sequences
[M::worker_pipeline::1561.780*19.02] mapped 247525 sequences
[M::worker_pipeline::1565.256*19.02] mapped 247525 sequences
[M::worker_pipeline::1568.454*19.02] mapped 247525 sequences
[M::worker_pipeline::1572.010*19.02] mapped 247525 sequences
[M::worker_pipeline::1575.628*19.02] mapped 247525 sequences
[M::worker_pipeline::1579.153*19.02] mapped 247525 sequences
[M::worker_pipeline::1582.552*19.01] mapped 247525 sequences
[M::worker_pipeline::1586.158*19.01] mapped 247525 sequences
[M::worker_pipeline::1589.261*19.02] mapped 247525 sequences
[M::worker_pipeline::1592.803*19.02] mapped 247525 sequences
[M::worker_pipeline::1596.069*19.02] mapped 247525 sequences
[M::worker_pipeline::1599.333*19.02] mapped 247525 sequences
[M::worker_pipeline::1603.267*19.02] mapped 247525 sequences
[M::worker_pipeline::1606.106*19.02] mapped 247525 sequences
[M::worker_pipeline::1609.770*19.02] mapped 247525 sequences
[M::worker_pipeline::1612.745*19.02] mapped 247525 sequences
[M::worker_pipeline::1616.030*19.02] mapped 247525 sequences
[M::worker_pipeline::1619.146*19.02] mapped 247525 sequences
[M::worker_pipeline::1622.664*19.02] mapped 247525 sequences
[M::worker_pipeline::1625.178*19.02] mapped 247525 sequences
[M::worker_pipeline::1628.485*19.02] mapped 247525 sequences
[M::worker_pipeline::1631.631*19.02] mapped 247525 sequences
[M::worker_pipeline::1634.486*19.02] mapped 247525 sequences
[M::worker_pipeline::1637.635*19.02] mapped 247525 sequences
[M::worker_pipeline::1641.443*19.03] mapped 247525 sequences
[M::worker_pipeline::1644.283*19.02] mapped 247525 sequences
[M::worker_pipeline::1647.495*19.03] mapped 247525 sequences
[M::worker_pipeline::1650.601*19.03] mapped 247525 sequences
[M::worker_pipeline::1653.780*19.03] mapped 247525 sequences
[M::worker_pipeline::1656.821*19.03] mapped 247525 sequences
[M::worker_pipeline::1660.420*19.03] mapped 247525 sequences
[M::worker_pipeline::1663.564*19.03] mapped 247525 sequences
[M::worker_pipeline::1666.495*19.03] mapped 247525 sequences
[M::worker_pipeline::1670.000*19.03] mapped 247525 sequences
[M::worker_pipeline::1672.968*19.04] mapped 247525 sequences
[M::worker_pipeline::1676.127*19.04] mapped 247525 sequences
[M::worker_pipeline::1679.137*19.04] mapped 247525 sequences
[M::worker_pipeline::1682.286*19.04] mapped 247525 sequences
[M::worker_pipeline::1685.482*19.04] mapped 247525 sequences
[M::worker_pipeline::1688.538*19.04] mapped 247525 sequences
[M::worker_pipeline::1692.152*19.04] mapped 247525 sequences
[M::worker_pipeline::1694.925*19.04] mapped 247525 sequences
[M::worker_pipeline::1698.757*19.04] mapped 247525 sequences
[M::worker_pipeline::1701.722*19.05] mapped 247525 sequences
[M::worker_pipeline::1704.931*19.05] mapped 247525 sequences
[M::worker_pipeline::1707.796*19.05] mapped 247525 sequences
[M::worker_pipeline::1711.236*19.05] mapped 247525 sequences
[M::worker_pipeline::1714.601*19.05] mapped 247525 sequences
[M::worker_pipeline::1717.520*19.05] mapped 247525 sequences
[M::worker_pipeline::1721.011*19.05] mapped 247525 sequences
[M::worker_pipeline::1724.105*19.05] mapped 247525 sequences
[M::worker_pipeline::1727.522*19.05] mapped 247525 sequences
[M::worker_pipeline::1731.340*19.06] mapped 247525 sequences
[M::worker_pipeline::1733.898*19.06] mapped 247525 sequences
[M::worker_pipeline::1737.556*19.06] mapped 247525 sequences
[M::worker_pipeline::1740.688*19.06] mapped 247525 sequences
[M::worker_pipeline::1743.399*19.06] mapped 247525 sequences
[M::worker_pipeline::1746.616*19.06] mapped 247525 sequences
[M::worker_pipeline::1750.072*19.06] mapped 247525 sequences
[M::worker_pipeline::1752.596*19.06] mapped 247525 sequences
[M::worker_pipeline::1756.214*19.06] mapped 247525 sequences
[M::worker_pipeline::1759.344*19.06] mapped 247525 sequences
[M::worker_pipeline::1762.056*19.06] mapped 247525 sequences
[M::worker_pipeline::1765.781*19.07] mapped 247525 sequences
[M::worker_pipeline::1768.735*19.07] mapped 247525 sequences
[M::worker_pipeline::1771.937*19.07] mapped 247525 sequences
[M::worker_pipeline::1774.846*19.07] mapped 247525 sequences
[M::worker_pipeline::1777.868*19.07] mapped 247525 sequences
[M::worker_pipeline::1781.092*19.07] mapped 247525 sequences
[M::worker_pipeline::1784.395*19.07] mapped 247525 sequences
[M::worker_pipeline::1787.672*19.07] mapped 247525 sequences
[M::worker_pipeline::1790.851*19.07] mapped 247525 sequences
[M::worker_pipeline::1794.198*19.07] mapped 247525 sequences
[M::worker_pipeline::1798.117*19.07] mapped 247525 sequences
[M::worker_pipeline::1800.542*19.07] mapped 247525 sequences
[M::worker_pipeline::1804.543*19.07] mapped 247525 sequences
[M::worker_pipeline::1807.540*19.07] mapped 247525 sequences
[M::worker_pipeline::1810.264*19.07] mapped 247525 sequences
[M::worker_pipeline::1814.196*19.07] mapped 247525 sequences
[M::worker_pipeline::1817.252*19.07] mapped 247525 sequences
[M::worker_pipeline::1820.167*19.07] mapped 247525 sequences
[M::worker_pipeline::1823.436*19.07] mapped 247525 sequences
[M::worker_pipeline::1826.767*19.07] mapped 247525 sequences
[M::worker_pipeline::1830.418*19.07] mapped 247525 sequences
[M::worker_pipeline::1833.440*19.07] mapped 247525 sequences
[M::worker_pipeline::1836.678*19.07] mapped 247525 sequences
[M::worker_pipeline::1839.969*19.07] mapped 247525 sequences
[M::worker_pipeline::1843.622*19.08] mapped 247525 sequences
[M::worker_pipeline::1847.085*19.08] mapped 247525 sequences
[M::worker_pipeline::1849.754*19.08] mapped 247525 sequences
[M::worker_pipeline::1853.427*19.08] mapped 247525 sequences
[M::worker_pipeline::1856.499*19.08] mapped 247525 sequences
[M::worker_pipeline::1860.155*19.08] mapped 247525 sequences
[M::worker_pipeline::1863.243*19.08] mapped 247525 sequences
[M::worker_pipeline::1866.242*19.08] mapped 247525 sequences
[M::worker_pipeline::1870.229*19.08] mapped 247525 sequences
[M::worker_pipeline::1872.696*19.08] mapped 247525 sequences
[M::worker_pipeline::1876.231*19.08] mapped 247525 sequences
[M::worker_pipeline::1879.028*19.08] mapped 247525 sequences
[M::worker_pipeline::1882.161*19.08] mapped 247525 sequences
[M::worker_pipeline::1885.539*19.09] mapped 247525 sequences
[M::worker_pipeline::1888.618*19.09] mapped 247525 sequences
[M::worker_pipeline::1891.370*19.09] mapped 247525 sequences
[M::worker_pipeline::1894.384*19.09] mapped 247525 sequences
[M::worker_pipeline::1897.620*19.09] mapped 247525 sequences
[M::worker_pipeline::1901.422*19.09] mapped 247525 sequences
[M::worker_pipeline::1904.097*19.09] mapped 247525 sequences
[M::worker_pipeline::1907.701*19.09] mapped 247525 sequences
[M::worker_pipeline::1910.378*19.09] mapped 247525 sequences
[M::worker_pipeline::1913.710*19.09] mapped 247525 sequences
[M::worker_pipeline::1917.142*19.09] mapped 247525 sequences
[M::worker_pipeline::1920.806*19.09] mapped 247525 sequences
[M::worker_pipeline::1923.717*19.09] mapped 247525 sequences
[M::worker_pipeline::1927.523*19.09] mapped 247525 sequences
[M::worker_pipeline::1930.259*19.09] mapped 247525 sequences
[M::worker_pipeline::1933.409*19.09] mapped 247525 sequences
[M::worker_pipeline::1936.942*19.10] mapped 247525 sequences
[M::worker_pipeline::1940.104*19.10] mapped 247525 sequences
[M::worker_pipeline::1942.855*19.10] mapped 247525 sequences
[M::worker_pipeline::1946.529*19.10] mapped 247525 sequences
[M::worker_pipeline::1949.233*19.10] mapped 247525 sequences
[M::worker_pipeline::1952.318*19.10] mapped 247525 sequences
[M::worker_pipeline::1955.763*19.10] mapped 247525 sequences
[M::worker_pipeline::1959.206*19.10] mapped 247525 sequences
[M::worker_pipeline::1962.537*19.10] mapped 247525 sequences
[M::worker_pipeline::1965.628*19.10] mapped 247525 sequences
[M::worker_pipeline::1969.272*19.10] mapped 247525 sequences
[M::worker_pipeline::1972.226*19.10] mapped 247525 sequences
[M::worker_pipeline::1975.186*19.10] mapped 247525 sequences
[M::worker_pipeline::1978.492*19.11] mapped 247525 sequences
[M::worker_pipeline::1982.069*19.11] mapped 247525 sequences
[M::worker_pipeline::1985.133*19.11] mapped 247525 sequences
[M::worker_pipeline::1988.388*19.11] mapped 247525 sequences
[M::worker_pipeline::1991.571*19.11] mapped 247525 sequences
[M::worker_pipeline::1994.990*19.11] mapped 247525 sequences
[M::worker_pipeline::1998.672*19.11] mapped 247525 sequences
[M::worker_pipeline::2001.685*19.11] mapped 247525 sequences
[M::worker_pipeline::2004.545*19.11] mapped 247525 sequences
[M::worker_pipeline::2008.101*19.11] mapped 247525 sequences
[M::worker_pipeline::2011.171*19.11] mapped 247525 sequences
[M::worker_pipeline::2014.009*19.11] mapped 247525 sequences
[M::worker_pipeline::2017.573*19.11] mapped 247525 sequences
[M::worker_pipeline::2020.536*19.11] mapped 247525 sequences
[M::worker_pipeline::2023.760*19.11] mapped 247525 sequences
[M::worker_pipeline::2027.353*19.12] mapped 247525 sequences
[M::worker_pipeline::2030.399*19.12] mapped 247525 sequences
[M::worker_pipeline::2033.520*19.12] mapped 247525 sequences
[M::worker_pipeline::2037.639*19.12] mapped 247525 sequences
[M::worker_pipeline::2040.168*19.12] mapped 247525 sequences
[M::worker_pipeline::2043.730*19.12] mapped 247525 sequences
[M::worker_pipeline::2046.862*19.12] mapped 247525 sequences
[M::worker_pipeline::2049.988*19.12] mapped 247525 sequences
[M::worker_pipeline::2053.148*19.12] mapped 247525 sequences
[M::worker_pipeline::2056.590*19.12] mapped 247525 sequences
[M::worker_pipeline::2059.822*19.12] mapped 247525 sequences
[M::worker_pipeline::2063.468*19.12] mapped 247525 sequences
[M::worker_pipeline::2066.563*19.12] mapped 247525 sequences
[M::worker_pipeline::2070.005*19.12] mapped 247525 sequences
[M::worker_pipeline::2072.928*19.12] mapped 247525 sequences
[M::worker_pipeline::2076.556*19.12] mapped 247525 sequences
[M::worker_pipeline::2079.824*19.12] mapped 247525 sequences
[M::worker_pipeline::2083.316*19.12] mapped 247525 sequences
[M::worker_pipeline::2086.575*19.12] mapped 247525 sequences
[M::worker_pipeline::2089.719*19.12] mapped 247525 sequences
[M::worker_pipeline::2093.186*19.12] mapped 247525 sequences
[M::worker_pipeline::2096.950*19.12] mapped 247525 sequences
[M::worker_pipeline::2099.909*19.12] mapped 247525 sequences
[M::worker_pipeline::2102.923*19.13] mapped 247525 sequences
[M::worker_pipeline::2106.423*19.13] mapped 247525 sequences
[M::worker_pipeline::2109.062*19.13] mapped 247525 sequences
[M::worker_pipeline::2112.309*19.13] mapped 247525 sequences
[M::worker_pipeline::2115.494*19.13] mapped 247525 sequences
[M::worker_pipeline::2118.514*19.13] mapped 247525 sequences
[M::worker_pipeline::2121.727*19.13] mapped 247525 sequences
[M::worker_pipeline::2125.411*19.13] mapped 247525 sequences
[M::worker_pipeline::2128.525*19.13] mapped 247525 sequences
[M::worker_pipeline::2131.468*19.13] mapped 247525 sequences
[M::worker_pipeline::2134.917*19.13] mapped 247525 sequences
[M::worker_pipeline::2138.024*19.13] mapped 247525 sequences
[M::worker_pipeline::2141.206*19.13] mapped 247525 sequences
[M::worker_pipeline::2144.948*19.13] mapped 247525 sequences
[M::worker_pipeline::2147.837*19.14] mapped 247525 sequences
[M::worker_pipeline::2151.226*19.14] mapped 247525 sequences
[M::worker_pipeline::2154.310*19.14] mapped 247525 sequences
[M::worker_pipeline::2157.693*19.14] mapped 247525 sequences
[M::worker_pipeline::2161.173*19.14] mapped 247525 sequences
[M::worker_pipeline::2164.507*19.14] mapped 247525 sequences
[M::worker_pipeline::2167.964*19.14] mapped 247525 sequences
[M::worker_pipeline::2170.744*19.14] mapped 247525 sequences
[M::worker_pipeline::2174.216*19.14] mapped 247525 sequences
[M::worker_pipeline::2178.209*19.14] mapped 247525 sequences
[M::worker_pipeline::2181.077*19.14] mapped 247525 sequences
[M::worker_pipeline::2184.476*19.14] mapped 247525 sequences
[M::worker_pipeline::2187.656*19.14] mapped 247525 sequences
[M::worker_pipeline::2191.245*19.14] mapped 247525 sequences
[M::worker_pipeline::2194.322*19.14] mapped 247525 sequences
[M::worker_pipeline::2197.872*19.14] mapped 247525 sequences
[M::worker_pipeline::2200.732*19.14] mapped 247525 sequences
[M::worker_pipeline::2203.846*19.14] mapped 247525 sequences
[M::worker_pipeline::2207.553*19.14] mapped 247525 sequences
[M::worker_pipeline::2210.793*19.14] mapped 247525 sequences
[M::worker_pipeline::2213.300*19.14] mapped 247525 sequences
[M::worker_pipeline::2216.614*19.14] mapped 247525 sequences
[M::worker_pipeline::2220.116*19.14] mapped 247525 sequences
[M::worker_pipeline::2223.027*19.14] mapped 247525 sequences
[M::worker_pipeline::2226.509*19.15] mapped 247525 sequences
[M::worker_pipeline::2229.336*19.15] mapped 247525 sequences
[M::worker_pipeline::2233.030*19.15] mapped 247525 sequences
[M::worker_pipeline::2235.911*19.15] mapped 247525 sequences
[M::worker_pipeline::2239.770*19.15] mapped 247525 sequences
[M::worker_pipeline::2242.733*19.15] mapped 247525 sequences
[M::worker_pipeline::2246.243*19.15] mapped 247525 sequences
[M::worker_pipeline::2249.340*19.15] mapped 247525 sequences
[M::worker_pipeline::2252.480*19.15] mapped 247525 sequences
[M::worker_pipeline::2255.874*19.15] mapped 247525 sequences
[M::worker_pipeline::2258.772*19.15] mapped 247525 sequences
[M::worker_pipeline::2262.562*19.15] mapped 247525 sequences
[M::worker_pipeline::2266.420*19.15] mapped 247525 sequences
[M::worker_pipeline::2268.879*19.15] mapped 247525 sequences
[M::worker_pipeline::2272.232*19.15] mapped 247525 sequences
[M::worker_pipeline::2275.780*19.15] mapped 247525 sequences
[M::worker_pipeline::2279.281*19.15] mapped 247525 sequences
[M::worker_pipeline::2282.488*19.15] mapped 247525 sequences
[M::worker_pipeline::2285.652*19.15] mapped 247525 sequences
[M::worker_pipeline::2288.768*19.15] mapped 247525 sequences
[M::worker_pipeline::2292.936*19.15] mapped 247525 sequences
[M::worker_pipeline::2296.084*19.15] mapped 247525 sequences
[M::worker_pipeline::2299.034*19.15] mapped 247525 sequences
[M::worker_pipeline::2302.616*19.15] mapped 247525 sequences
[M::worker_pipeline::2305.063*19.15] mapped 247525 sequences
[M::worker_pipeline::2308.225*19.15] mapped 247525 sequences
[M::worker_pipeline::2311.377*19.15] mapped 247525 sequences
[M::worker_pipeline::2314.807*19.15] mapped 247525 sequences
[M::worker_pipeline::2317.594*19.15] mapped 247525 sequences
[M::worker_pipeline::2321.381*19.16] mapped 247525 sequences
[M::worker_pipeline::2324.099*19.16] mapped 247525 sequences
[M::worker_pipeline::2327.351*19.16] mapped 247525 sequences
[M::worker_pipeline::2330.155*19.16] mapped 247525 sequences
[M::worker_pipeline::2333.262*19.16] mapped 247525 sequences
[M::worker_pipeline::2336.413*19.16] mapped 247525 sequences
[M::worker_pipeline::2339.721*19.16] mapped 247525 sequences
[M::worker_pipeline::2342.889*19.16] mapped 247525 sequences
[M::worker_pipeline::2346.135*19.16] mapped 247525 sequences
[M::worker_pipeline::2349.740*19.16] mapped 247525 sequences
[M::worker_pipeline::2352.607*19.16] mapped 247525 sequences
[M::worker_pipeline::2356.504*19.16] mapped 247525 sequences
[M::worker_pipeline::2359.690*19.16] mapped 247525 sequences
[M::worker_pipeline::2362.489*19.16] mapped 247525 sequences
[M::worker_pipeline::2365.571*19.16] mapped 247525 sequences
[M::worker_pipeline::2368.876*19.16] mapped 247525 sequences
[M::worker_pipeline::2372.483*19.16] mapped 247525 sequences
[M::worker_pipeline::2375.345*19.16] mapped 247525 sequences
[M::worker_pipeline::2378.851*19.16] mapped 247525 sequences
[M::worker_pipeline::2382.488*19.16] mapped 247525 sequences
[M::worker_pipeline::2385.862*19.16] mapped 247525 sequences
[M::worker_pipeline::2388.971*19.16] mapped 247525 sequences
[M::worker_pipeline::2392.615*19.16] mapped 247525 sequences
[M::worker_pipeline::2395.926*19.16] mapped 247525 sequences
[M::worker_pipeline::2398.708*19.16] mapped 247525 sequences
[M::worker_pipeline::2401.944*19.16] mapped 247525 sequences
[M::worker_pipeline::2405.531*19.16] mapped 247525 sequences
[M::worker_pipeline::2408.519*19.16] mapped 247525 sequences
[M::worker_pipeline::2411.948*19.16] mapped 247525 sequences
[M::worker_pipeline::2415.482*19.16] mapped 247525 sequences
[M::worker_pipeline::2418.771*19.17] mapped 247525 sequences
[M::worker_pipeline::2421.913*19.16] mapped 247525 sequences
[M::worker_pipeline::2425.715*19.17] mapped 247525 sequences
[M::worker_pipeline::2428.940*19.17] mapped 247525 sequences
[M::worker_pipeline::2432.654*19.17] mapped 247525 sequences
[M::worker_pipeline::2435.097*19.17] mapped 247525 sequences
[M::worker_pipeline::2438.174*19.17] mapped 247525 sequences
[M::worker_pipeline::2442.052*19.17] mapped 247525 sequences
[M::worker_pipeline::2444.414*19.17] mapped 247525 sequences
[M::worker_pipeline::2447.553*19.17] mapped 247525 sequences
[M::worker_pipeline::2450.883*19.17] mapped 247525 sequences
[M::worker_pipeline::2453.963*19.17] mapped 247525 sequences
[M::worker_pipeline::2456.944*19.17] mapped 247525 sequences
[M::worker_pipeline::2459.943*19.17] mapped 247525 sequences
[M::worker_pipeline::2463.540*19.17] mapped 247525 sequences
[M::worker_pipeline::2466.608*19.17] mapped 247525 sequences
[M::worker_pipeline::2469.853*19.17] mapped 247525 sequences
[M::worker_pipeline::2472.996*19.17] mapped 247525 sequences
[M::worker_pipeline::2476.320*19.17] mapped 247525 sequences
[M::worker_pipeline::2479.328*19.17] mapped 247525 sequences
[M::worker_pipeline::2482.462*19.17] mapped 247525 sequences
[M::worker_pipeline::2486.133*19.17] mapped 247525 sequences
[M::worker_pipeline::2488.958*19.17] mapped 247525 sequences
[M::worker_pipeline::2492.454*19.17] mapped 247525 sequences
[M::worker_pipeline::2495.994*19.17] mapped 247525 sequences
[M::worker_pipeline::2498.923*19.17] mapped 247525 sequences
[M::worker_pipeline::2502.137*19.17] mapped 247525 sequences
[M::worker_pipeline::2505.256*19.17] mapped 247525 sequences
[M::worker_pipeline::2508.662*19.17] mapped 247525 sequences
[M::worker_pipeline::2512.337*19.17] mapped 247525 sequences
[M::worker_pipeline::2515.114*19.18] mapped 247525 sequences
[M::worker_pipeline::2518.613*19.18] mapped 247525 sequences
[M::worker_pipeline::2521.591*19.18] mapped 247525 sequences
[M::worker_pipeline::2525.248*19.18] mapped 247525 sequences
[M::worker_pipeline::2528.001*19.18] mapped 247525 sequences
[M::worker_pipeline::2531.566*19.18] mapped 247525 sequences
[M::worker_pipeline::2534.596*19.18] mapped 247525 sequences
[M::worker_pipeline::2538.004*19.18] mapped 247525 sequences
[M::worker_pipeline::2541.168*19.18] mapped 247525 sequences
[M::worker_pipeline::2544.464*19.18] mapped 247525 sequences
[M::worker_pipeline::2547.869*19.18] mapped 247525 sequences
[M::worker_pipeline::2551.410*19.18] mapped 247525 sequences
[M::worker_pipeline::2554.687*19.18] mapped 247525 sequences
[M::worker_pipeline::2557.860*19.18] mapped 247525 sequences
[M::worker_pipeline::2561.151*19.18] mapped 247525 sequences
[M::worker_pipeline::2564.159*19.18] mapped 247525 sequences
[M::worker_pipeline::2567.290*19.18] mapped 247525 sequences
[M::worker_pipeline::2570.387*19.18] mapped 247525 sequences
[M::worker_pipeline::2573.876*19.18] mapped 247525 sequences
[M::worker_pipeline::2577.173*19.18] mapped 247525 sequences
[M::worker_pipeline::2579.869*19.18] mapped 247525 sequences
[M::worker_pipeline::2583.014*19.18] mapped 247525 sequences
[M::worker_pipeline::2586.227*19.18] mapped 247525 sequences
[M::worker_pipeline::2589.742*19.18] mapped 247525 sequences
[M::worker_pipeline::2592.405*19.18] mapped 247525 sequences
[M::worker_pipeline::2595.786*19.19] mapped 247525 sequences
[M::worker_pipeline::2599.268*19.19] mapped 247525 sequences
[M::worker_pipeline::2602.009*19.19] mapped 247525 sequences
[M::worker_pipeline::2605.300*19.19] mapped 247525 sequences
[M::worker_pipeline::2608.586*19.19] mapped 247525 sequences
[M::worker_pipeline::2611.876*19.19] mapped 247525 sequences
[M::worker_pipeline::2616.053*19.19] mapped 247525 sequences
[M::worker_pipeline::2618.593*19.19] mapped 247525 sequences
[M::worker_pipeline::2622.543*19.19] mapped 247525 sequences
[M::worker_pipeline::2625.152*19.19] mapped 247525 sequences
[M::worker_pipeline::2628.565*19.19] mapped 247525 sequences
[M::worker_pipeline::2632.438*19.19] mapped 247525 sequences
[M::worker_pipeline::2635.404*19.19] mapped 247525 sequences
[M::worker_pipeline::2638.181*19.19] mapped 247525 sequences
[M::worker_pipeline::2641.546*19.19] mapped 247525 sequences
[M::worker_pipeline::2645.072*19.19] mapped 247525 sequences
[M::worker_pipeline::2648.178*19.19] mapped 247525 sequences
[M::worker_pipeline::2651.539*19.19] mapped 247525 sequences
[M::worker_pipeline::2655.142*19.19] mapped 247525 sequences
[M::worker_pipeline::2658.477*19.19] mapped 247525 sequences
[M::worker_pipeline::2661.695*19.19] mapped 247525 sequences
[M::worker_pipeline::2664.591*19.19] mapped 247525 sequences
[M::worker_pipeline::2667.931*19.19] mapped 247525 sequences
[M::worker_pipeline::2671.049*19.19] mapped 247525 sequences
[M::worker_pipeline::2674.412*19.19] mapped 247525 sequences
[M::worker_pipeline::2678.545*19.19] mapped 247525 sequences
[M::worker_pipeline::2681.165*19.19] mapped 247525 sequences
[M::worker_pipeline::2684.627*19.19] mapped 247525 sequences
[M::worker_pipeline::2688.601*19.19] mapped 247525 sequences
[M::worker_pipeline::2691.712*19.19] mapped 146569 sequences
[M::worker_pipeline::2695.588*19.19] mapped 100064 sequences
[M::worker_pipeline::2698.766*19.19] mapped 94433 sequences
[M::worker_pipeline::2702.501*19.19] mapped 81782 sequences
[M::worker_pipeline::2706.195*19.19] mapped 81778 sequences
[M::worker_pipeline::2709.934*19.19] mapped 81739 sequences
[M::worker_pipeline::2713.739*19.19] mapped 81869 sequences
[M::worker_pipeline::2717.470*19.19] mapped 81865 sequences
[M::worker_pipeline::2721.064*19.19] mapped 81792 sequences
[M::worker_pipeline::2724.473*19.19] mapped 81853 sequences
[M::worker_pipeline::2728.048*19.19] mapped 81867 sequences
[M::worker_pipeline::2731.830*19.19] mapped 81803 sequences
[M::worker_pipeline::2735.739*19.19] mapped 81868 sequences
[M::worker_pipeline::2739.003*19.19] mapped 81858 sequences
[M::worker_pipeline::2742.981*19.19] mapped 81814 sequences
[M::worker_pipeline::2746.042*19.19] mapped 81859 sequences
[M::worker_pipeline::2749.580*19.19] mapped 81858 sequences
[M::worker_pipeline::2753.299*19.19] mapped 81772 sequences
[M::worker_pipeline::2757.179*19.19] mapped 81869 sequences
[M::worker_pipeline::2760.807*19.19] mapped 81834 sequences
[M::worker_pipeline::2764.408*19.19] mapped 81805 sequences
[M::worker_pipeline::2767.884*19.19] mapped 81844 sequences
[M::worker_pipeline::2771.389*19.19] mapped 81853 sequences
[M::worker_pipeline::2775.227*19.19] mapped 81824 sequences
[M::worker_pipeline::2778.931*19.19] mapped 81851 sequences
[M::worker_pipeline::2782.357*19.19] mapped 81892 sequences
[M::worker_pipeline::2785.917*19.19] mapped 81819 sequences
[M::worker_pipeline::2789.392*19.19] mapped 81869 sequences
[M::worker_pipeline::2792.894*19.19] mapped 81869 sequences
[M::worker_pipeline::2796.183*19.19] mapped 81827 sequences
[M::worker_pipeline::2799.883*19.19] mapped 81875 sequences
[M::worker_pipeline::2803.590*19.19] mapped 81876 sequences
[M::worker_pipeline::2807.395*19.19] mapped 81810 sequences
[M::worker_pipeline::2810.432*19.19] mapped 81873 sequences
[M::worker_pipeline::2814.199*19.19] mapped 81887 sequences
[M::worker_pipeline::2817.618*19.19] mapped 81840 sequences
[M::worker_pipeline::2821.345*19.19] mapped 81863 sequences
[M::worker_pipeline::2825.107*19.19] mapped 81885 sequences
[M::worker_pipeline::2828.465*19.20] mapped 81831 sequences
[M::worker_pipeline::2831.787*19.20] mapped 81875 sequences
[M::worker_pipeline::2836.059*19.19] mapped 81869 sequences
[M::worker_pipeline::2839.217*19.20] mapped 81830 sequences
[M::worker_pipeline::2843.110*19.20] mapped 81858 sequences
[M::worker_pipeline::2846.533*19.19] mapped 81882 sequences
[M::worker_pipeline::2850.324*19.19] mapped 81858 sequences
[M::worker_pipeline::2853.848*19.19] mapped 81860 sequences
[M::worker_pipeline::2857.513*19.19] mapped 81893 sequences
[M::worker_pipeline::2861.193*19.19] mapped 81792 sequences
[M::worker_pipeline::2864.889*19.19] mapped 81873 sequences
[M::worker_pipeline::2868.806*19.19] mapped 81889 sequences
[M::worker_pipeline::2872.494*19.19] mapped 81814 sequences
[M::worker_pipeline::2876.254*19.19] mapped 81859 sequences
[M::worker_pipeline::2880.043*19.19] mapped 81904 sequences
[M::worker_pipeline::2883.518*19.19] mapped 81839 sequences
[M::worker_pipeline::2887.351*19.19] mapped 81887 sequences
[M::worker_pipeline::2890.678*19.19] mapped 81884 sequences
[M::worker_pipeline::2894.610*19.19] mapped 81832 sequences
[M::worker_pipeline::2897.911*19.19] mapped 81859 sequences
[M::worker_pipeline::2902.215*19.19] mapped 81887 sequences
[M::worker_pipeline::2905.309*19.19] mapped 81860 sequences
[M::worker_pipeline::2908.855*19.19] mapped 81736 sequences
[M::worker_pipeline::2912.595*19.19] mapped 81730 sequences
[M::worker_pipeline::2916.303*19.19] mapped 81721 sequences
[M::worker_pipeline::2919.938*19.19] mapped 81784 sequences
[M::worker_pipeline::2923.742*19.19] mapped 81798 sequences
[M::worker_pipeline::2927.502*19.19] mapped 81803 sequences
[M::worker_pipeline::2931.128*19.19] mapped 81779 sequences
[M::worker_pipeline::2934.698*19.19] mapped 81815 sequences
[M::worker_pipeline::2938.281*19.19] mapped 81773 sequences
[M::worker_pipeline::2941.885*19.19] mapped 81781 sequences
[M::worker_pipeline::2945.770*19.19] mapped 81791 sequences
[M::worker_pipeline::2949.366*19.19] mapped 81777 sequences
[M::worker_pipeline::2953.427*19.19] mapped 81769 sequences
[M::worker_pipeline::2956.504*19.19] mapped 81831 sequences
[M::worker_pipeline::2960.094*19.19] mapped 81805 sequences
[M::worker_pipeline::2964.323*19.19] mapped 81795 sequences
[M::worker_pipeline::2967.763*19.19] mapped 81790 sequences
[M::worker_pipeline::2971.188*19.19] mapped 81807 sequences
[M::worker_pipeline::2975.318*19.19] mapped 81768 sequences
[M::worker_pipeline::2979.303*19.19] mapped 81835 sequences
[M::worker_pipeline::2982.834*19.19] mapped 81827 sequences
[M::worker_pipeline::2986.393*19.19] mapped 81781 sequences
[M::worker_pipeline::2990.129*19.19] mapped 81824 sequences
[M::worker_pipeline::2993.506*19.19] mapped 81827 sequences
[M::worker_pipeline::2997.040*19.19] mapped 81734 sequences
[M::worker_pipeline::3000.980*19.19] mapped 81807 sequences
[M::worker_pipeline::3004.702*19.19] mapped 81816 sequences
[M::worker_pipeline::3008.301*19.19] mapped 81771 sequences
[M::worker_pipeline::3012.406*19.19] mapped 81802 sequences
[M::worker_pipeline::3015.806*19.19] mapped 81804 sequences
[M::worker_pipeline::3020.005*19.19] mapped 81750 sequences
[M::worker_pipeline::3023.645*19.18] mapped 81801 sequences
[M::worker_pipeline::3027.195*19.19] mapped 81830 sequences
[M::worker_pipeline::3030.753*19.19] mapped 81752 sequences
[M::worker_pipeline::3034.375*19.19] mapped 81822 sequences
[M::worker_pipeline::3038.267*19.18] mapped 81828 sequences
[M::worker_pipeline::3041.934*19.19] mapped 81768 sequences
[M::worker_pipeline::3045.468*19.19] mapped 81816 sequences
[M::worker_pipeline::3049.195*19.19] mapped 81814 sequences
[M::worker_pipeline::3052.915*19.19] mapped 81789 sequences
[M::worker_pipeline::3056.416*19.19] mapped 81813 sequences
[M::worker_pipeline::3060.186*19.19] mapped 81818 sequences
[M::worker_pipeline::3063.893*19.19] mapped 81805 sequences
[M::worker_pipeline::3067.489*19.19] mapped 81798 sequences
[M::worker_pipeline::3071.315*19.19] mapped 81836 sequences
[M::worker_pipeline::3075.069*19.19] mapped 81805 sequences
[M::worker_pipeline::3079.036*19.19] mapped 81762 sequences
[M::worker_pipeline::3082.902*19.19] mapped 81825 sequences
[M::worker_pipeline::3086.685*19.19] mapped 81801 sequences
[M::worker_pipeline::3090.465*19.18] mapped 81779 sequences
[M::worker_pipeline::3093.792*19.19] mapped 81829 sequences
[M::worker_pipeline::3097.634*19.19] mapped 81816 sequences
[M::worker_pipeline::3101.261*19.19] mapped 81761 sequences
[M::worker_pipeline::3105.253*19.19] mapped 81812 sequences
[M::worker_pipeline::3108.775*19.19] mapped 81801 sequences
[M::worker_pipeline::3112.641*19.19] mapped 81777 sequences
[M::worker_pipeline::3116.020*19.19] mapped 81827 sequences
[M::worker_pipeline::3119.730*19.19] mapped 81831 sequences
[M::worker_pipeline::3123.311*19.19] mapped 81840 sequences
[M::worker_pipeline::3123.443*19.19] mapped 9006 sequences
[M::main] Version: 2.10-r761
[M::main] CMD: /work/jpacheco/minimap2-2.10_x64-linux/minimap2 -ax sr -t 20 /work/jpacheco/pacheco_finalpractical/data/Hybrid_assembly.fasta /work/jpacheco/pacheco_finalpractical/data/illumina_reads.fastq
[M::main] Real time: 3123.526 sec; CPU: 59926.456 sec
------------------------------------------------------
Running PBS epilogue script    - 10-May-2018 06:41:21
------------------------------------------------------
Checking node qb022 (MS)
Checking node qb022 ok
------------------------------------------------------
Concluding PBS epilogue script - 10-May-2018 06:41:23
------------------------------------------------------
Exit Status:     0
Job ID:          490429.qb3
Username:        jpacheco
Group:           loniusers
Job Name:        minimap
Session Id:      18099
Resource Limits: ncpus=1,neednodes=1:ppn=20,nodes=1:ppn=20,walltime=06:00:00
Resources Used:  cput=16:38:46,mem=11071852kb,vmem=13195668kb,walltime=00:52:05
Queue Used:      workq
Account String:  loni_selu_gt
Node:            qb022
Process id:      37527
------------------------------------------------------
